#
# There is insufficient memory for the Java Runtime Environment to continue.
# Native memory allocation (malloc) failed to allocate 32744 bytes for ChunkPool::allocate
# Possible reasons:
#   The system is out of physical RAM or swap space
#   In 32 bit mode, the process size limit was hit
# Possible solutions:
#   Reduce memory load on the system
#   Increase physical memory or swap space
#   Check if swap backing store is full
#   Use 64 bit Java on a 64 bit OS
#   Decrease Java heap size (-Xmx/-Xms)
#   Decrease number of Java threads
#   Decrease Java thread stack sizes (-Xss)
#   Set larger code cache with -XX:ReservedCodeCacheSize=
# This output file may be truncated or incomplete.
#
#  Out of Memory Error (allocation.cpp:273), pid=13472, tid=0x0000000000004d38
#
# JRE version: Java(TM) SE Runtime Environment (8.0_121-b13) (build 1.8.0_121-b13)
# Java VM: Java HotSpot(TM) 64-Bit Server VM (25.121-b13 mixed mode windows-amd64 compressed oops)
# Failed to write core dump. Minidumps are not enabled by default on client versions of Windows
#

---------------  T H R E A D  ---------------

Current thread (0x0000000017fee000):  JavaThread "C1 CompilerThread2" daemon [_thread_in_native, id=19768, stack(0x0000000019830000,0x0000000019930000)]

Stack: [0x0000000019830000,0x0000000019930000]
[error occurred during error reporting (printing stack bounds), id 0xc0000005]

Native frames: (J=compiled Java code, j=interpreted, Vv=VM code, C=native code)


Current CompileTask:
C1:   9512 3825       1       java.text.SimpleDateFormat::subFormat (1260 bytes)


---------------  P R O C E S S  ---------------

Java Threads: ( => current thread )
  0x000000001bba7000 JavaThread "spring.cloud.inetutils" daemon [_thread_blocked, id=25840, stack(0x000000001d940000,0x000000001da40000)]
  0x000000001a1e6800 JavaThread "container-0" [_thread_blocked, id=38760, stack(0x000000001d840000,0x000000001d940000)]
  0x000000001a1e5800 JavaThread "ContainerBackgroundProcessor[StandardEngine[Tomcat]]" daemon [_thread_blocked, id=3924, stack(0x000000001d740000,0x000000001d840000)]
  0x000000001c0bc800 JavaThread "localhost-startStop-1" daemon [_thread_blocked, id=4932, stack(0x000000001d040000,0x000000001d140000)]
  0x000000001c0b9800 JavaThread "Tomcat-startStop-1" daemon [_thread_blocked, id=12912, stack(0x000000001cf40000,0x000000001d040000)]
  0x000000001a29f000 JavaThread "JMX server connection timeout 17" daemon [_thread_blocked, id=38932, stack(0x000000001ae70000,0x000000001af70000)]
  0x000000001a291800 JavaThread "RMI TCP Connection(2)-127.0.0.1" daemon [_thread_in_native, id=37868, stack(0x000000001ad70000,0x000000001ae70000)]
  0x000000001a230800 JavaThread "RMI Scheduler(0)" daemon [_thread_blocked, id=22884, stack(0x000000001ac70000,0x000000001ad70000)]
  0x000000001a221000 JavaThread "RMI TCP Connection(1)-127.0.0.1" daemon [_thread_in_native, id=27364, stack(0x000000001aa30000,0x000000001ab30000)]
  0x000000001a216800 JavaThread "RMI TCP Accept-0" daemon [_thread_in_native, id=19256, stack(0x000000001a830000,0x000000001a930000)]
  0x000000001a20b800 JavaThread "RMI TCP Accept-65155" daemon [_thread_in_native, id=19408, stack(0x000000001a730000,0x000000001a830000)]
  0x000000001a200000 JavaThread "RMI TCP Accept-0" daemon [_thread_in_native, id=21176, stack(0x000000001a630000,0x000000001a730000)]
  0x000000001803e000 JavaThread "Service Thread" daemon [_thread_blocked, id=16876, stack(0x0000000019d30000,0x0000000019e30000)]
=>0x0000000017fee000 JavaThread "C1 CompilerThread2" daemon [_thread_in_native, id=19768, stack(0x0000000019830000,0x0000000019930000)]
  0x0000000017fe9000 JavaThread "C2 CompilerThread1" daemon [_thread_blocked, id=21524, stack(0x0000000019730000,0x0000000019830000)]
  0x0000000017fe7800 JavaThread "C2 CompilerThread0" daemon [_thread_blocked, id=16640, stack(0x0000000019630000,0x0000000019730000)]
  0x0000000017fe6000 JavaThread "Attach Listener" daemon [_thread_blocked, id=34716, stack(0x0000000019530000,0x0000000019630000)]
  0x0000000017fe5000 JavaThread "Signal Dispatcher" daemon [_thread_blocked, id=38568, stack(0x0000000019430000,0x0000000019530000)]
  0x0000000017fd0000 JavaThread "Finalizer" daemon [_thread_blocked, id=27400, stack(0x0000000019240000,0x0000000019340000)]
  0x00000000033b7000 JavaThread "Reference Handler" daemon [_thread_blocked, id=30592, stack(0x0000000019140000,0x0000000019240000)]
  0x00000000032c7800 JavaThread "main" [_thread_in_native, id=13684, stack(0x0000000003150000,0x0000000003250000)]

Other Threads:
  0x0000000017fa8000 VMThread [stack: 0x0000000019040000,0x0000000019140000] [id=30136]
  0x000000001a218800 WatcherThread [stack: 0x000000001a930000,0x000000001aa30000] [id=9376]

VM state:not at safepoint (normal execution)

VM Mutex/Monitor currently owned by a thread: None

Heap:
 PSYoungGen      total 60928K, used 12961K [0x00000000d5580000, 0x00000000d9a80000, 0x0000000100000000)
  eden space 51200K, 25% used [0x00000000d5580000,0x00000000d6228490,0x00000000d8780000)
  from space 9728K, 0% used [0x00000000d8780000,0x00000000d8780000,0x00000000d9100000)
  to   space 9216K, 0% used [0x00000000d9100000,0x00000000d9100000,0x00000000d9a00000)
 ParOldGen       total 45568K, used 26033K [0x0000000080000000, 0x0000000082c80000, 0x00000000d5580000)
  object space 45568K, 57% used [0x0000000080000000,0x000000008196c770,0x0000000082c80000)
 Metaspace       used 35200K, capacity 35718K, committed 36136K, reserved 1081344K
  class space    used 4817K, capacity 4942K, committed 5040K, reserved 1048576K

Card table byte_map: [0x0000000012780000,0x0000000012b90000] byte_map_base: 0x0000000012380000

Marking Bits: (ParMarkBitMap*) 0x00000000591eb6d0
 Begin Bits: [0x0000000013240000, 0x0000000015240000)
 End Bits:   [0x0000000015240000, 0x0000000017240000)

Polling page: 0x0000000001470000

CodeCache: size=245760Kb used=7977Kb max_used=7977Kb free=237782Kb
 bounds [0x00000000033c0000, 0x0000000003b90000, 0x00000000123c0000]
 total_blobs=4197 nmethods=3773 adapters=337
 compilation: enabled

Compilation events (10 events):
Event: 9.430 Thread 0x0000000017fee000 nmethod 3820 0x0000000003b8ab90 code [0x0000000003b8ad00, 0x0000000003b8afb8]
Event: 9.430 Thread 0x0000000017fee000 3821       1       org.springframework.beans.factory.annotation.AutowiredAnnotationBeanPostProcessor::access$000 (5 bytes)
Event: 9.430 Thread 0x0000000017fee000 nmethod 3821 0x0000000003b8b150 code [0x0000000003b8b2a0, 0x0000000003b8b390]
Event: 9.446 Thread 0x0000000017fee000 3822       1       java.util.concurrent.ConcurrentHashMap$MapEntry::getValue (5 bytes)
Event: 9.446 Thread 0x0000000017fee000 nmethod 3822 0x0000000003b8b410 code [0x0000000003b8b560, 0x0000000003b8b670]
Event: 9.449 Thread 0x0000000017fee000 3823       1       java.util.concurrent.ConcurrentHashMap$EntryIterator::next (5 bytes)
Event: 9.449 Thread 0x0000000017fee000 nmethod 3823 0x0000000003b8b6d0 code [0x0000000003b8b820, 0x0000000003b8b948]
Event: 9.449 Thread 0x0000000017fee000 3824       1       java.util.concurrent.ConcurrentHashMap$EntryIterator::next (51 bytes)
Event: 9.449 Thread 0x0000000017fee000 nmethod 3824 0x0000000003b8b9d0 code [0x0000000003b8bb40, 0x0000000003b8bdb8]
Event: 9.450 Thread 0x0000000017fee000 3825       1       java.text.SimpleDateFormat::subFormat (1260 bytes)

GC Heap History (10 events):
Event: 8.939 GC heap before
{Heap before GC invocations=20 (full 1):
 PSYoungGen      total 60416K, used 53507K [0x00000000d5580000, 0x00000000d9a80000, 0x0000000100000000)
  eden space 51200K, 100% used [0x00000000d5580000,0x00000000d8780000,0x00000000d8780000)
  from space 9216K, 25% used [0x00000000d9100000,0x00000000d9340dd8,0x00000000d9a00000)
  to   space 9728K, 0% used [0x00000000d8780000,0x00000000d8780000,0x00000000d9100000)
 ParOldGen       total 45568K, used 23083K [0x0000000080000000, 0x0000000082c80000, 0x00000000d5580000)
  object space 45568K, 50% used [0x0000000080000000,0x000000008168adc0,0x0000000082c80000)
 Metaspace       used 34804K, capacity 35286K, committed 35496K, reserved 1079296K
  class space    used 4758K, capacity 4870K, committed 4912K, reserved 1048576K
Event: 8.948 GC heap after
Heap after GC invocations=20 (full 1):
 PSYoungGen      total 60928K, used 2858K [0x00000000d5580000, 0x00000000d9a80000, 0x0000000100000000)
  eden space 51200K, 0% used [0x00000000d5580000,0x00000000d5580000,0x00000000d8780000)
  from space 9728K, 29% used [0x00000000d8780000,0x00000000d8a4aa08,0x00000000d9100000)
  to   space 9216K, 0% used [0x00000000d9100000,0x00000000d9100000,0x00000000d9a00000)
 ParOldGen       total 45568K, used 24803K [0x0000000080000000, 0x0000000082c80000, 0x00000000d5580000)
  object space 45568K, 54% used [0x0000000080000000,0x0000000081838c50,0x0000000082c80000)
 Metaspace       used 34804K, capacity 35286K, committed 35496K, reserved 1079296K
  class space    used 4758K, capacity 4870K, committed 4912K, reserved 1048576K
}
Event: 9.019 GC heap before
{Heap before GC invocations=21 (full 1):
 PSYoungGen      total 60928K, used 14891K [0x00000000d5580000, 0x00000000d9a80000, 0x0000000100000000)
  eden space 51200K, 23% used [0x00000000d5580000,0x00000000d61402d8,0x00000000d8780000)
  from space 9728K, 29% used [0x00000000d8780000,0x00000000d8a4aa08,0x00000000d9100000)
  to   space 9216K, 0% used [0x00000000d9100000,0x00000000d9100000,0x00000000d9a00000)
 ParOldGen       total 45568K, used 24803K [0x0000000080000000, 0x0000000082c80000, 0x00000000d5580000)
  object space 45568K, 54% used [0x0000000080000000,0x0000000081838c50,0x0000000082c80000)
 Metaspace       used 34878K, capacity 35330K, committed 35496K, reserved 1079296K
  class space    used 4769K, capacity 4904K, committed 4912K, reserved 1048576K
Event: 9.026 GC heap after
Heap after GC invocations=21 (full 1):
 PSYoungGen      total 60416K, used 576K [0x00000000d5580000, 0x00000000d9a80000, 0x0000000100000000)
  eden space 51200K, 0% used [0x00000000d5580000,0x00000000d5580000,0x00000000d8780000)
  from space 9216K, 6% used [0x00000000d9100000,0x00000000d9190000,0x00000000d9a00000)
  to   space 9728K, 0% used [0x00000000d8780000,0x00000000d8780000,0x00000000d9100000)
 ParOldGen       total 45568K, used 26683K [0x0000000080000000, 0x0000000082c80000, 0x00000000d5580000)
  object space 45568K, 58% used [0x0000000080000000,0x0000000081a0ec50,0x0000000082c80000)
 Metaspace       used 34878K, capacity 35330K, committed 35496K, reserved 1079296K
  class space    used 4769K, capacity 4904K, committed 4912K, reserved 1048576K
}
Event: 9.026 GC heap before
{Heap before GC invocations=22 (full 2):
 PSYoungGen      total 60416K, used 576K [0x00000000d5580000, 0x00000000d9a80000, 0x0000000100000000)
  eden space 51200K, 0% used [0x00000000d5580000,0x00000000d5580000,0x00000000d8780000)
  from space 9216K, 6% used [0x00000000d9100000,0x00000000d9190000,0x00000000d9a00000)
  to   space 9728K, 0% used [0x00000000d8780000,0x00000000d8780000,0x00000000d9100000)
 ParOldGen       total 45568K, used 26683K [0x0000000080000000, 0x0000000082c80000, 0x00000000d5580000)
  object space 45568K, 58% used [0x0000000080000000,0x0000000081a0ec50,0x0000000082c80000)
 Metaspace       used 34878K, capacity 35330K, committed 35496K, reserved 1079296K
  class space    used 4769K, capacity 4904K, committed 4912K, reserved 1048576K
Event: 9.228 GC heap after
Heap after GC invocations=22 (full 2):
 PSYoungGen      total 60416K, used 0K [0x00000000d5580000, 0x00000000d9a80000, 0x0000000100000000)
  eden space 51200K, 0% used [0x00000000d5580000,0x00000000d5580000,0x00000000d8780000)
  from space 9216K, 0% used [0x00000000d9100000,0x00000000d9100000,0x00000000d9a00000)
  to   space 9728K, 0% used [0x00000000d8780000,0x00000000d8780000,0x00000000d9100000)
 ParOldGen       total 45568K, used 26070K [0x0000000080000000, 0x0000000082c80000, 0x00000000d5580000)
  object space 45568K, 57% used [0x0000000080000000,0x0000000081975858,0x0000000082c80000)
 Metaspace       used 34878K, capacity 35330K, committed 35496K, reserved 1079296K
  class space    used 4769K, capacity 4904K, committed 4912K, reserved 1048576K
}
Event: 9.228 GC heap before
{Heap before GC invocations=23 (full 2):
 PSYoungGen      total 60416K, used 859K [0x00000000d5580000, 0x00000000d9a80000, 0x0000000100000000)
  eden space 51200K, 1% used [0x00000000d5580000,0x00000000d5656d50,0x00000000d8780000)
  from space 9216K, 0% used [0x00000000d9100000,0x00000000d9100000,0x00000000d9a00000)
  to   space 9728K, 0% used [0x00000000d8780000,0x00000000d8780000,0x00000000d9100000)
 ParOldGen       total 45568K, used 26070K [0x0000000080000000, 0x0000000082c80000, 0x00000000d5580000)
  object space 45568K, 57% used [0x0000000080000000,0x0000000081975858,0x0000000082c80000)
 Metaspace       used 34878K, capacity 35330K, committed 35496K, reserved 1083392K
  class space    used 4769K, capacity 4904K, committed 4912K, reserved 1048576K
Event: 9.231 GC heap after
Heap after GC invocations=23 (full 2):
 PSYoungGen      total 60928K, used 64K [0x00000000d5580000, 0x00000000d9a80000, 0x0000000100000000)
  eden space 51200K, 0% used [0x00000000d5580000,0x00000000d5580000,0x00000000d8780000)
  from space 9728K, 0% used [0x00000000d8780000,0x00000000d8790000,0x00000000d9100000)
  to   space 9216K, 0% used [0x00000000d9100000,0x00000000d9100000,0x00000000d9a00000)
 ParOldGen       total 45568K, used 26070K [0x0000000080000000, 0x0000000082c80000, 0x00000000d5580000)
  object space 45568K, 57% used [0x0000000080000000,0x0000000081975858,0x0000000082c80000)
 Metaspace       used 34878K, capacity 35330K, committed 35496K, reserved 1083392K
  class space    used 4769K, capacity 4904K, committed 4912K, reserved 1048576K
}
Event: 9.231 GC heap before
{Heap before GC invocations=24 (full 3):
 PSYoungGen      total 60928K, used 64K [0x00000000d5580000, 0x00000000d9a80000, 0x0000000100000000)
  eden space 51200K, 0% used [0x00000000d5580000,0x00000000d5580000,0x00000000d8780000)
  from space 9728K, 0% used [0x00000000d8780000,0x00000000d8790000,0x00000000d9100000)
  to   space 9216K, 0% used [0x00000000d9100000,0x00000000d9100000,0x00000000d9a00000)
 ParOldGen       total 45568K, used 26070K [0x0000000080000000, 0x0000000082c80000, 0x00000000d5580000)
  object space 45568K, 57% used [0x0000000080000000,0x0000000081975858,0x0000000082c80000)
 Metaspace       used 34878K, capacity 35330K, committed 35496K, reserved 1083392K
  class space    used 4769K, capacity 4904K, committed 4912K, reserved 1048576K
Event: 9.378 GC heap after
Heap after GC invocations=24 (full 3):
 PSYoungGen      total 60928K, used 0K [0x00000000d5580000, 0x00000000d9a80000, 0x0000000100000000)
  eden space 51200K, 0% used [0x00000000d5580000,0x00000000d5580000,0x00000000d8780000)
  from space 9728K, 0% used [0x00000000d8780000,0x00000000d8780000,0x00000000d9100000)
  to   space 9216K, 0% used [0x00000000d9100000,0x00000000d9100000,0x00000000d9a00000)
 ParOldGen       total 45568K, used 26033K [0x0000000080000000, 0x0000000082c80000, 0x00000000d5580000)
  object space 45568K, 57% used [0x0000000080000000,0x000000008196c770,0x0000000082c80000)
 Metaspace       used 34878K, capacity 35330K, committed 35496K, reserved 1081344K
  class space    used 4769K, capacity 4904K, committed 4912K, reserved 1048576K
}

Deoptimization events (0 events):
No events

Internal exceptions (10 events):
Event: 9.423 Thread 0x00000000032c7800 Exception <a 'java/lang/ArrayIndexOutOfBoundsException'> (0x00000000d5ce0548) thrown at [C:\re\workspace\8-2-build-windows-amd64-cygwin\jdk8u121\8372\hotspot\src\share\vm\runtime\sharedRuntime.cpp, line 605]
Event: 9.423 Thread 0x00000000032c7800 Exception <a 'java/lang/ClassNotFoundException': org/springframework/cloud/client/discovery/composite/CompositeDiscoveryClientAutoConfiguration$$EnhancerBySpringCGLIB$$31af02b5Customizer> (0x00000000d5d1ab78) thrown at [C:\re\workspace\8-2-build-windows-a
Event: 9.424 Thread 0x00000000032c7800 Exception <a 'java/lang/ClassNotFoundException': org/springframework/context/annotation/ConfigurationClassEnhancer$EnhancedConfigurationCustomizer> (0x00000000d5d4d018) thrown at [C:\re\workspace\8-2-build-windows-amd64-cygwin\jdk8u121\8372\hotspot\src\sh
Event: 9.426 Thread 0x00000000032c7800 Exception <a 'java/lang/ClassNotFoundException': java/lang/ObjectCustomizer> (0x00000000d5d714d8) thrown at [C:\re\workspace\8-2-build-windows-amd64-cygwin\jdk8u121\8372\hotspot\src\share\vm\classfile\systemDictionary.cpp, line 210]
Event: 9.427 Thread 0x00000000032c7800 Exception <a 'java/lang/ClassNotFoundException': org/springframework/cloud/client/discovery/simple/SimpleDiscoveryClientAutoConfigurationCustomizer> (0x00000000d5da0338) thrown at [C:\re\workspace\8-2-build-windows-amd64-cygwin\jdk8u121\8372\hotspot\src\s
Event: 9.427 Thread 0x00000000032c7800 Exception <a 'java/lang/ClassNotFoundException': org/springframework/cloud/client/discovery/simple/SimpleDiscoveryClientAutoConfiguration$$EnhancerBySpringCGLIB$$fddd9b83Customizer> (0x00000000d5dda770) thrown at [C:\re\workspace\8-2-build-windows-amd64-c
Event: 9.428 Thread 0x00000000032c7800 Exception <a 'java/lang/ClassNotFoundException': org/springframework/context/annotation/ConfigurationClassEnhancer$EnhancedConfigurationCustomizer> (0x00000000d5e0e7b0) thrown at [C:\re\workspace\8-2-build-windows-amd64-cygwin\jdk8u121\8372\hotspot\src\sh
Event: 9.444 Thread 0x00000000032c7800 Exception <a 'java/lang/Error': IP Helper Library GetIpAddrTable function failed> (0x00000000d5e912c0) thrown at [C:\re\workspace\8-2-build-windows-amd64-cygwin\jdk8u121\8372\hotspot\src\share\vm\prims\jni.cpp, line 735]
Event: 9.444 Thread 0x00000000032c7800 Exception <a 'java/lang/reflect/InvocationTargetException'> (0x00000000d5e91e78) thrown at [C:\re\workspace\8-2-build-windows-amd64-cygwin\jdk8u121\8372\hotspot\src\share\vm\runtime\reflection.cpp, line 1092]
Event: 9.446 Thread 0x00000000032c7800 Exception <a 'java/lang/reflect/InvocationTargetException'> (0x00000000d5ea51c8) thrown at [C:\re\workspace\8-2-build-windows-amd64-cygwin\jdk8u121\8372\hotspot\src\share\vm\runtime\reflection.cpp, line 1092]

Events (10 events):
Event: 9.445 loading class java/util/concurrent/ConcurrentHashMap$MapEntry
Event: 9.445 loading class java/util/concurrent/ConcurrentHashMap$MapEntry done
Event: 9.446 loading class org/springframework/beans/factory/UnsatisfiedDependencyException
Event: 9.446 loading class org/springframework/beans/factory/UnsatisfiedDependencyException done
Event: 9.446 Executing VM operation: Deoptimize
Event: 9.447 Executing VM operation: Deoptimize done
Event: 9.451 loading class org/springframework/beans/factory/support/AbstractBeanFactory$2
Event: 9.451 loading class org/springframework/beans/factory/support/AbstractBeanFactory$2 done
Event: 9.454 loading class org/springframework/cloud/context/scope/GenericScope$BeanLifecycleWrapper
Event: 9.454 loading class org/springframework/cloud/context/scope/GenericScope$BeanLifecycleWrapper done


Dynamic libraries:
0x00007ff6fe320000 - 0x00007ff6fe357000 	C:\Program Files\Java\jre1.8.0_121\bin\javaw.exe
0x00007ffd16170000 - 0x00007ffd16351000 	C:\WINDOWS\SYSTEM32\ntdll.dll
0x00007ffd13660000 - 0x00007ffd13712000 	C:\WINDOWS\System32\KERNEL32.DLL
0x00007ffd13380000 - 0x00007ffd135f3000 	C:\WINDOWS\System32\KERNELBASE.dll
0x00007ffd13790000 - 0x00007ffd13831000 	C:\WINDOWS\System32\ADVAPI32.dll
0x00007ffd15ba0000 - 0x00007ffd15c3e000 	C:\WINDOWS\System32\msvcrt.dll
0x00007ffd13840000 - 0x00007ffd1389b000 	C:\WINDOWS\System32\sechost.dll
0x00007ffd152d0000 - 0x00007ffd153f4000 	C:\WINDOWS\System32\RPCRT4.dll
0x00007ffd15670000 - 0x00007ffd15800000 	C:\WINDOWS\System32\USER32.dll
0x00007ffd12720000 - 0x00007ffd12740000 	C:\WINDOWS\System32\win32u.dll
0x00007ffd16090000 - 0x00007ffd160b8000 	C:\WINDOWS\System32\GDI32.dll
0x00007ffd128e0000 - 0x00007ffd12a72000 	C:\WINDOWS\System32\gdi32full.dll
0x00007ffd12740000 - 0x00007ffd127df000 	C:\WINDOWS\System32\msvcp_win.dll
0x00007ffd125a0000 - 0x00007ffd1269a000 	C:\WINDOWS\System32\ucrtbase.dll
0x00007ffd106c0000 - 0x00007ffd10929000 	C:\WINDOWS\WinSxS\amd64_microsoft.windows.common-controls_6595b64144ccf1df_6.0.17134.228_none_fb4599993062b194\COMCTL32.dll
0x00007ffd15870000 - 0x00007ffd15b93000 	C:\WINDOWS\System32\combase.dll
0x00007ffd126a0000 - 0x00007ffd1271a000 	C:\WINDOWS\System32\bcryptPrimitives.dll
0x00007ffd13a20000 - 0x00007ffd13a4d000 	C:\WINDOWS\System32\IMM32.DLL
0x00007ffd12320000 - 0x00007ffd1237d000 	C:\Program Files\Citrix\System32\MfApHook64.dll
0x00007ffd11730000 - 0x00007ffd1175b000 	C:\Program Files\Citrix\ICAService\CtxDodHook64.dll
0x00007ffd12240000 - 0x00007ffd12272000 	C:\Program Files\Citrix\ICAService\picaFullScreenHookX64.dll
0x00007ffd11c80000 - 0x00007ffd11cce000 	C:\Program Files\Citrix\ICAService\ShellHook64.dll
0x00007ffd13af0000 - 0x00007ffd14f30000 	C:\WINDOWS\System32\SHELL32.dll
0x00007ffd127e0000 - 0x00007ffd12829000 	C:\WINDOWS\System32\cfgmgr32.dll
0x00007ffd15220000 - 0x00007ffd152c9000 	C:\WINDOWS\System32\shcore.dll
0x00007ffd12a80000 - 0x00007ffd1318d000 	C:\WINDOWS\System32\windows.storage.dll
0x00007ffd13600000 - 0x00007ffd13651000 	C:\WINDOWS\System32\shlwapi.dll
0x00007ffd12520000 - 0x00007ffd12531000 	C:\WINDOWS\System32\kernel.appcore.dll
0x00007ffd12490000 - 0x00007ffd124af000 	C:\WINDOWS\System32\profapi.dll
0x00007ffd124d0000 - 0x00007ffd1251c000 	C:\WINDOWS\System32\powrprof.dll
0x00007ffd12480000 - 0x00007ffd1248a000 	C:\WINDOWS\System32\FLTLIB.DLL
0x00007ffd11b00000 - 0x00007ffd11c7c000 	C:\Program Files\Citrix\ICAService\SCardHook64.dll
0x00007ffd11800000 - 0x00007ffd1182a000 	C:\Program Files\Citrix\ICAService\cxinjime64.dll
0x00007ffd117b0000 - 0x00007ffd117f8000 	C:\Program Files\Citrix\ICAService\PicaWtsHook64.dll
0x00000000588f0000 - 0x00000000589c2000 	C:\Program Files\Java\jre1.8.0_121\bin\msvcr100.dll
0x00000000589d0000 - 0x000000005926b000 	C:\Program Files\Java\jre1.8.0_121\bin\server\jvm.dll
0x00007ffd13720000 - 0x00007ffd13728000 	C:\WINDOWS\System32\PSAPI.DLL
0x00007ffd12130000 - 0x00007ffd1213a000 	C:\WINDOWS\SYSTEM32\VERSION.dll
0x00007ffd03aa0000 - 0x00007ffd03ac3000 	C:\WINDOWS\SYSTEM32\WINMM.dll
0x00007ffd03050000 - 0x00007ffd03059000 	C:\WINDOWS\SYSTEM32\WSOCK32.dll
0x00007ffd15800000 - 0x00007ffd1586c000 	C:\WINDOWS\System32\ws2_32.DLL
0x00007ffd03a50000 - 0x00007ffd03a7a000 	C:\WINDOWS\SYSTEM32\WINMMBASE.dll
0x0000000059c90000 - 0x0000000059c9f000 	C:\Program Files\Java\jre1.8.0_121\bin\verify.dll
0x00000000597b0000 - 0x00000000597d9000 	C:\Program Files\Java\jre1.8.0_121\bin\java.dll
0x00000000598e0000 - 0x00000000598f6000 	C:\Program Files\Java\jre1.8.0_121\bin\zip.dll
0x0000000059720000 - 0x000000005972d000 	C:\Program Files\Java\jre1.8.0_121\bin\management.dll
0x0000000059790000 - 0x00000000597aa000 	C:\Program Files\Java\jre1.8.0_121\bin\net.dll
0x00007ffd11160000 - 0x00007ffd111c6000 	C:\WINDOWS\system32\mswsock.dll
0x0000000059770000 - 0x0000000059781000 	C:\Program Files\Java\jre1.8.0_121\bin\nio.dll
0x00007ffd08640000 - 0x00007ffd08656000 	C:\WINDOWS\system32\napinsp.dll
0x00007ffd08620000 - 0x00007ffd0863a000 	C:\WINDOWS\system32\pnrpnsp.dll
0x00007ffd0c350000 - 0x00007ffd0c369000 	C:\WINDOWS\system32\NLAapi.dll
0x00007ffd10f30000 - 0x00007ffd10fee000 	C:\WINDOWS\SYSTEM32\DNSAPI.dll
0x00007ffd15210000 - 0x00007ffd15218000 	C:\WINDOWS\System32\NSI.dll
0x00007ffd10ef0000 - 0x00007ffd10f28000 	C:\WINDOWS\SYSTEM32\IPHLPAPI.DLL
0x00007ffd08660000 - 0x00007ffd0866e000 	C:\WINDOWS\System32\winrnr.dll
0x00007ffd0cff0000 - 0x00007ffd0cffa000 	C:\Windows\System32\rasadhlp.dll
0x00007ffd0c4b0000 - 0x00007ffd0c522000 	C:\WINDOWS\System32\fwpuclnt.dll
0x00007ffd11cf0000 - 0x00007ffd11d15000 	C:\WINDOWS\SYSTEM32\bcrypt.dll
0x00007ffd11310000 - 0x00007ffd11327000 	C:\WINDOWS\SYSTEM32\CRYPTSP.dll
0x00007ffd10d50000 - 0x00007ffd10d83000 	C:\WINDOWS\system32\rsaenh.dll
0x00007ffd12380000 - 0x00007ffd123a8000 	C:\WINDOWS\SYSTEM32\USERENV.dll
0x00007ffd11330000 - 0x00007ffd1133b000 	C:\WINDOWS\SYSTEM32\CRYPTBASE.dll
0x00007ffd0c0e0000 - 0x00007ffd0c0f6000 	C:\WINDOWS\SYSTEM32\dhcpcsvc6.DLL
0x00007ffd0c090000 - 0x00007ffd0c0aa000 	C:\WINDOWS\SYSTEM32\dhcpcsvc.DLL

VM Arguments:
jvm_args: -Dcom.sun.management.jmxremote -Dcom.sun.management.jmxremote.port=65155 -Dcom.sun.management.jmxremote.authenticate=false -Dcom.sun.management.jmxremote.ssl=false -Djava.rmi.server.hostname=localhost -Dspring.liveBeansView.mbeanDomain -Dspring.application.admin.enabled=true -Xverify:none -XX:TieredStopAtLevel=1 -Dfile.encoding=UTF-8 
java_command: com.eureka.com.EurekaServer.EurekaServerApplication --spring.output.ansi.enabled=always
java_class_path (initial): C:\Users\shailami\EUREKA SERVER\EurekaServer\EurekaServer\target\classes;C:\Users\shailami\.m2\repository\org\springframework\cloud\spring-cloud-starter-eureka-server\1.4.0.RELEASE\spring-cloud-starter-eureka-server-1.4.0.RELEASE.jar;C:\Users\shailami\.m2\repository\org\springframework\cloud\spring-cloud-starter-netflix-eureka-server\1.4.0.RELEASE\spring-cloud-starter-netflix-eureka-server-1.4.0.RELEASE.jar;C:\Users\shailami\.m2\repository\org\springframework\cloud\spring-cloud-starter\1.3.0.RELEASE\spring-cloud-starter-1.3.0.RELEASE.jar;C:\Users\shailami\.m2\repository\org\springframework\boot\spring-boot-starter\1.5.9.RELEASE\spring-boot-starter-1.5.9.RELEASE.jar;C:\Users\shailami\.m2\repository\org\springframework\boot\spring-boot-starter-logging\1.5.9.RELEASE\spring-boot-starter-logging-1.5.9.RELEASE.jar;C:\Users\shailami\.m2\repository\ch\qos\logback\logback-classic\1.1.11\logback-classic-1.1.11.jar;C:\Users\shailami\.m2\repository\ch\qos\logback\logback-core\1.1.11\logback-core-1.1.11.jar;C:\Users\shailami\.m2\repository\org\slf4j\jcl-over-slf4j\1.7.25\jcl-over-slf4j-1.7.25.jar;C:\Users\shailami\.m2\repository\org\slf4j\jul-to-slf4j\1.7.25\jul-to-slf4j-1.7.25.jar;C:\Users\shailami\.m2\repository\org\slf4j\log4j-over-slf4j\1.7.25\log4j-over-slf4j-1.7.25.jar;C:\Users\shailami\.m2\repository\org\yaml\snakeyaml\1.17\snakeyaml-1.17.jar;C:\Users\shailami\.m2\repository\org\springframework\cloud\spring-cloud-context\1.3.0.RELEASE\spring-cloud-context-1.3.0.RELEASE.jar;C:\Users\shailami\.m2\repository\org\springframework\security\spring-security-crypto\4.2.3.RELEASE\spring-security-crypto-4.2.3.RELEASE.jar;C:\Users\shailami\.m2\repository\org\springframework\cloud\spring-cloud-commons\1.3.0.RELEASE\spring-cloud-commons-1.3.0.RELEASE.jar;C:\Users\shailami\.m2\repository\org\apache\httpcomponents\httpclient\4.5.3\httpclient-4.5.3.jar;C:\Users\shailami\.m2\repository\org\apache\httpcomponents\httpcore\4.4.8\httpcore-4.4.8.jar;C:\Users\shailam
Launcher Type: SUN_STANDARD

Environment Variables:
PATH=C:/Program Files/Java/jre1.8.0_121/bin/server;C:/Program Files/Java/jre1.8.0_121/bin;C:/Program Files/Java/jre1.8.0_121/lib/amd64;C:\Python34\;C:\Python34\Scripts;C:\oraclexe\app\oracle\product\11.2.0\server\bin;C:\ProgramData\Oracle\Java\javapath;C:\WINDOWS\system32;C:\WINDOWS;C:\WINDOWS\System32\Wbem;C:\WINDOWS\System32\WindowsPowerShell\v1.0\;C:\Program Files\TortoiseSVN\bin;C:\Program Files\nodejs\;C:\Program Files\Git\cmd;C:\Program Files (x86)\Microsoft SQL Server\110\Tools\Binn\ManagementStudio\;C:\Program Files (x86)\Microsoft SQL Server\110\Tools\Binn\;C:\Program Files (x86)\Microsoft SQL Server\110\DTS\Binn\;C:\Program Files\Citrix\System32\;C:\Program Files\Citrix\ICAService\;C:\WINDOWS\System32\OpenSSH\;C:\Users\shailami\AppData\Local\Microsoft\WindowsApps;;C:\Users\shailami\AppData\Local\Programs\Microsoft VS Code\bin;C:\Users\shailami\SPRING\STS\sts-bundle\sts-3.9.7.RELEASE;
USERNAME=shailami
OS=Windows_NT
PROCESSOR_IDENTIFIER=Intel64 Family 15 Model 6 Stepping 1, GenuineIntel



---------------  S Y S T E M  ---------------

OS: Windows 10.0 , 64 bit Build 17134 (10.0.17134.1)

CPU:total 4 (2 cores per cpu, 1 threads per core) family 15 model 6 stepping 1, cmov, cx8, fxsr, mmx, sse, sse2, sse3, ssse3, sse4.1, sse4.2, popcnt, avx, avx2, aes, clmul, erms, rtm, 3dnowpref, lzcnt, tsc, bmi1, bmi2, adx

Memory: 4k page, physical 8388056k(676392k free), swap 18697820k(0k free)

vm_info: Java HotSpot(TM) 64-Bit Server VM (25.121-b13) for windows-amd64 JRE (1.8.0_121-b13), built on Dec 12 2016 18:21:36 by "java_re" with MS VC++ 10.0 (VS2010)

time: Wed Jan 30 11:40:52 2019
elapsed time: 9 seconds (0d 0h 0m 9s)

