#
# There is insufficient memory for the Java Runtime Environment to continue.
# Native memory allocation (malloc) failed to allocate 650896 bytes for Chunk::new
# Possible reasons:
#   The system is out of physical RAM or swap space
#   In 32 bit mode, the process size limit was hit
# Possible solutions:
#   Reduce memory load on the system
#   Increase physical memory or swap space
#   Check if swap backing store is full
#   Use 64 bit Java on a 64 bit OS
#   Decrease Java heap size (-Xmx/-Xms)
#   Decrease number of Java threads
#   Decrease Java thread stack sizes (-Xss)
#   Set larger code cache with -XX:ReservedCodeCacheSize=
# This output file may be truncated or incomplete.
#
#  Out of Memory Error (allocation.cpp:390), pid=1076, tid=0x0000000000009a14
#
# JRE version: Java(TM) SE Runtime Environment (8.0_121-b13) (build 1.8.0_121-b13)
# Java VM: Java HotSpot(TM) 64-Bit Server VM (25.121-b13 mixed mode windows-amd64 compressed oops)
# Failed to write core dump. Minidumps are not enabled by default on client versions of Windows
#

---------------  T H R E A D  ---------------

Current thread (0x0000000017c35800):  JavaThread "C2 CompilerThread0" daemon [_thread_in_native, id=39444, stack(0x0000000019270000,0x0000000019370000)]

Stack: [0x0000000019270000,0x0000000019370000]
[error occurred during error reporting (printing stack bounds), id 0xc0000005]

Native frames: (J=compiled Java code, j=interpreted, Vv=VM code, C=native code)


Current CompileTask:
C2:   4971 2381       4       org.springframework.boot.bind.RelaxedNames$Manipulation::separatedToCamelCase (154 bytes)


---------------  P R O C E S S  ---------------

Java Threads: ( => current thread )
  0x000000001a1eb000 JavaThread "JMX server connection timeout 17" daemon [_thread_blocked, id=30464, stack(0x000000001adb0000,0x000000001aeb0000)]
  0x000000001a251800 JavaThread "RMI TCP Connection(2)-127.0.0.1" daemon [_thread_in_native, id=25472, stack(0x000000001aab0000,0x000000001abb0000)]
  0x000000001a10e000 JavaThread "RMI Scheduler(0)" daemon [_thread_blocked, id=32004, stack(0x000000001a9b0000,0x000000001aab0000)]
  0x000000001a0f4800 JavaThread "RMI TCP Connection(1)-127.0.0.1" daemon [_thread_in_native, id=38180, stack(0x000000001a770000,0x000000001a870000)]
  0x000000001a0d6800 JavaThread "RMI TCP Accept-0" daemon [_thread_in_native, id=30328, stack(0x000000001a570000,0x000000001a670000)]
  0x000000001a047800 JavaThread "RMI TCP Accept-65189" daemon [_thread_in_native, id=31124, stack(0x000000001a470000,0x000000001a570000)]
  0x000000001a03e800 JavaThread "RMI TCP Accept-0" daemon [_thread_in_native, id=37024, stack(0x000000001a370000,0x000000001a470000)]
  0x000000001937d000 JavaThread "Service Thread" daemon [_thread_blocked, id=20812, stack(0x0000000019970000,0x0000000019a70000)]
  0x0000000019377000 JavaThread "C1 CompilerThread2" daemon [_thread_blocked, id=40032, stack(0x0000000019870000,0x0000000019970000)]
  0x0000000019372000 JavaThread "C2 CompilerThread1" daemon [_thread_in_native, id=35916, stack(0x0000000019770000,0x0000000019870000)]
=>0x0000000017c35800 JavaThread "C2 CompilerThread0" daemon [_thread_in_native, id=39444, stack(0x0000000019270000,0x0000000019370000)]
  0x0000000017c34000 JavaThread "Attach Listener" daemon [_thread_blocked, id=37292, stack(0x0000000019170000,0x0000000019270000)]
  0x0000000017c33000 JavaThread "Signal Dispatcher" daemon [_thread_blocked, id=39592, stack(0x0000000019070000,0x0000000019170000)]
  0x0000000017c1c000 JavaThread "Finalizer" daemon [_thread_blocked, id=21724, stack(0x0000000018e80000,0x0000000018f80000)]
  0x0000000017bf9000 JavaThread "Reference Handler" daemon [_thread_blocked, id=21764, stack(0x0000000018d80000,0x0000000018e80000)]
  0x0000000002f17800 JavaThread "main" [_thread_in_Java, id=16124, stack(0x0000000002d60000,0x0000000002e60000)]

Other Threads:
  0x0000000017bf7000 VMThread [stack: 0x0000000018c80000,0x0000000018d80000] [id=35396]
  0x000000001a0d8800 WatcherThread [stack: 0x000000001a670000,0x000000001a770000] [id=29628]

VM state:not at safepoint (normal execution)

VM Mutex/Monitor currently owned by a thread: None

Heap:
 PSYoungGen      total 57856K, used 46233K [0x00000000d5580000, 0x00000000d9800000, 0x0000000100000000)
  eden space 49152K, 88% used [0x00000000d5580000,0x00000000d7fd3130,0x00000000d8580000)
  from space 8704K, 33% used [0x00000000d8e00000,0x00000000d90d3398,0x00000000d9680000)
  to   space 8704K, 0% used [0x00000000d8580000,0x00000000d8580000,0x00000000d8e00000)
 ParOldGen       total 51712K, used 6389K [0x0000000080000000, 0x0000000083280000, 0x00000000d5580000)
  object space 51712K, 12% used [0x0000000080000000,0x000000008063d470,0x0000000083280000)
 Metaspace       used 24522K, capacity 24902K, committed 25216K, reserved 1071104K
  class space    used 3044K, capacity 3150K, committed 3200K, reserved 1048576K

Card table byte_map: [0x00000000123d0000,0x00000000127e0000] byte_map_base: 0x0000000011fd0000

Marking Bits: (ParMarkBitMap*) 0x00000000591eb6d0
 Begin Bits: [0x0000000012e90000, 0x0000000014e90000)
 End Bits:   [0x0000000014e90000, 0x0000000016e90000)

Polling page: 0x0000000002c90000

CodeCache: size=245760Kb used=8942Kb max_used=8942Kb free=236817Kb
 bounds [0x0000000003010000, 0x00000000038e0000, 0x0000000012010000]
 total_blobs=2838 nmethods=2433 adapters=318
 compilation: enabled

Compilation events (10 events):
Event: 4.950 Thread 0x0000000019377000 2430       3       org.springframework.util.ObjectUtils::isEmpty (90 bytes)
Event: 4.950 Thread 0x0000000019377000 nmethod 2430 0x00000000038c9a90 code [0x00000000038c9ca0, 0x00000000038ca9e8]
Event: 4.955 Thread 0x0000000019377000 2431   !   3       org.springframework.beans.BeanUtils::instantiateClass (71 bytes)
Event: 4.956 Thread 0x0000000019377000 nmethod 2431 0x00000000038cabd0 code [0x00000000038cade0, 0x00000000038cb588]
Event: 4.957 Thread 0x0000000019377000 2432       3       org.springframework.boot.autoconfigure.condition.OnClassCondition$MatchType$2::matches (14 bytes)
Event: 4.958 Thread 0x0000000019377000 nmethod 2432 0x00000000038cba10 code [0x00000000038cbbe0, 0x00000000038cc258]
Event: 4.963 Thread 0x0000000019377000 2433       3       org.springframework.core.type.classreading.AnnotationMetadataReadingVisitor::hasSuperClass (5 bytes)
Event: 4.963 Thread 0x0000000019377000 nmethod 2433 0x00000000038cc6d0 code [0x00000000038cc840, 0x00000000038cca50]
Event: 4.963 Thread 0x0000000019377000 2434       3       org.springframework.core.type.classreading.ClassMetadataReadingVisitor::hasSuperClass (13 bytes)
Event: 4.964 Thread 0x0000000019377000 nmethod 2434 0x00000000038ccb10 code [0x00000000038ccc60, 0x00000000038cce10]

GC Heap History (10 events):
Event: 3.875 GC heap before
{Heap before GC invocations=5 (full 0):
 PSYoungGen      total 38400K, used 34603K [0x00000000d5580000, 0x00000000d8000000, 0x0000000100000000)
  eden space 33280K, 88% used [0x00000000d5580000,0x00000000d724e590,0x00000000d7600000)
  from space 5120K, 99% used [0x00000000d7b00000,0x00000000d7ffc6b8,0x00000000d8000000)
  to   space 5120K, 0% used [0x00000000d7600000,0x00000000d7600000,0x00000000d7b00000)
 ParOldGen       total 87552K, used 3010K [0x0000000080000000, 0x0000000085580000, 0x00000000d5580000)
  object space 87552K, 3% used [0x0000000080000000,0x00000000802f0bb8,0x0000000085580000)
 Metaspace       used 20981K, capacity 21232K, committed 21296K, reserved 1069056K
  class space    used 2588K, capacity 2681K, committed 2688K, reserved 1048576K
Event: 3.888 GC heap after
Heap after GC invocations=5 (full 0):
 PSYoungGen      total 38400K, used 5095K [0x00000000d5580000, 0x00000000d8000000, 0x0000000100000000)
  eden space 33280K, 0% used [0x00000000d5580000,0x00000000d5580000,0x00000000d7600000)
  from space 5120K, 99% used [0x00000000d7600000,0x00000000d7af9f20,0x00000000d7b00000)
  to   space 5120K, 0% used [0x00000000d7b00000,0x00000000d7b00000,0x00000000d8000000)
 ParOldGen       total 87552K, used 4342K [0x0000000080000000, 0x0000000085580000, 0x00000000d5580000)
  object space 87552K, 4% used [0x0000000080000000,0x000000008043db48,0x0000000085580000)
 Metaspace       used 20981K, capacity 21232K, committed 21296K, reserved 1069056K
  class space    used 2588K, capacity 2681K, committed 2688K, reserved 1048576K
}
Event: 3.888 GC heap before
{Heap before GC invocations=6 (full 1):
 PSYoungGen      total 38400K, used 5095K [0x00000000d5580000, 0x00000000d8000000, 0x0000000100000000)
  eden space 33280K, 0% used [0x00000000d5580000,0x00000000d5580000,0x00000000d7600000)
  from space 5120K, 99% used [0x00000000d7600000,0x00000000d7af9f20,0x00000000d7b00000)
  to   space 5120K, 0% used [0x00000000d7b00000,0x00000000d7b00000,0x00000000d8000000)
 ParOldGen       total 87552K, used 4342K [0x0000000080000000, 0x0000000085580000, 0x00000000d5580000)
  object space 87552K, 4% used [0x0000000080000000,0x000000008043db48,0x0000000085580000)
 Metaspace       used 20981K, capacity 21232K, committed 21296K, reserved 1069056K
  class space    used 2588K, capacity 2681K, committed 2688K, reserved 1048576K
Event: 3.929 GC heap after
Heap after GC invocations=6 (full 1):
 PSYoungGen      total 38400K, used 0K [0x00000000d5580000, 0x00000000d8000000, 0x0000000100000000)
  eden space 33280K, 0% used [0x00000000d5580000,0x00000000d5580000,0x00000000d7600000)
  from space 5120K, 0% used [0x00000000d7600000,0x00000000d7600000,0x00000000d7b00000)
  to   space 5120K, 0% used [0x00000000d7b00000,0x00000000d7b00000,0x00000000d8000000)
 ParOldGen       total 51712K, used 6381K [0x0000000080000000, 0x0000000083280000, 0x00000000d5580000)
  object space 51712K, 12% used [0x0000000080000000,0x000000008063b470,0x0000000083280000)
 Metaspace       used 20981K, capacity 21232K, committed 21296K, reserved 1069056K
  class space    used 2588K, capacity 2681K, committed 2688K, reserved 1048576K
}
Event: 4.243 GC heap before
{Heap before GC invocations=7 (full 1):
 PSYoungGen      total 38400K, used 33280K [0x00000000d5580000, 0x00000000d8000000, 0x0000000100000000)
  eden space 33280K, 100% used [0x00000000d5580000,0x00000000d7600000,0x00000000d7600000)
  from space 5120K, 0% used [0x00000000d7600000,0x00000000d7600000,0x00000000d7b00000)
  to   space 5120K, 0% used [0x00000000d7b00000,0x00000000d7b00000,0x00000000d8000000)
 ParOldGen       total 51712K, used 6381K [0x0000000080000000, 0x0000000083280000, 0x00000000d5580000)
  object space 51712K, 12% used [0x0000000080000000,0x000000008063b470,0x0000000083280000)
 Metaspace       used 23169K, capacity 23484K, committed 23808K, reserved 1071104K
  class space    used 2883K, capacity 2983K, committed 3072K, reserved 1048576K
Event: 4.246 GC heap after
Heap after GC invocations=7 (full 1):
 PSYoungGen      total 34816K, used 2374K [0x00000000d5580000, 0x00000000d9d80000, 0x0000000100000000)
  eden space 29696K, 0% used [0x00000000d5580000,0x00000000d5580000,0x00000000d7280000)
  from space 5120K, 46% used [0x00000000d7b00000,0x00000000d7d51958,0x00000000d8000000)
  to   space 8704K, 0% used [0x00000000d7280000,0x00000000d7280000,0x00000000d7b00000)
 ParOldGen       total 51712K, used 6381K [0x0000000080000000, 0x0000000083280000, 0x00000000d5580000)
  object space 51712K, 12% used [0x0000000080000000,0x000000008063b470,0x0000000083280000)
 Metaspace       used 23169K, capacity 23484K, committed 23808K, reserved 1071104K
  class space    used 2883K, capacity 2983K, committed 3072K, reserved 1048576K
}
Event: 4.625 GC heap before
{Heap before GC invocations=8 (full 1):
 PSYoungGen      total 34816K, used 32070K [0x00000000d5580000, 0x00000000d9d80000, 0x0000000100000000)
  eden space 29696K, 100% used [0x00000000d5580000,0x00000000d7280000,0x00000000d7280000)
  from space 5120K, 46% used [0x00000000d7b00000,0x00000000d7d51958,0x00000000d8000000)
  to   space 8704K, 0% used [0x00000000d7280000,0x00000000d7280000,0x00000000d7b00000)
 ParOldGen       total 51712K, used 6381K [0x0000000080000000, 0x0000000083280000, 0x00000000d5580000)
  object space 51712K, 12% used [0x0000000080000000,0x000000008063b470,0x0000000083280000)
 Metaspace       used 23920K, capacity 24232K, committed 24448K, reserved 1071104K
  class space    used 2971K, capacity 3081K, committed 3200K, reserved 1048576K
Event: 4.628 GC heap after
Heap after GC invocations=8 (full 1):
 PSYoungGen      total 38400K, used 2793K [0x00000000d5580000, 0x00000000d9680000, 0x0000000100000000)
  eden space 29696K, 0% used [0x00000000d5580000,0x00000000d5580000,0x00000000d7280000)
  from space 8704K, 32% used [0x00000000d7280000,0x00000000d753a4b0,0x00000000d7b00000)
  to   space 8704K, 0% used [0x00000000d8e00000,0x00000000d8e00000,0x00000000d9680000)
 ParOldGen       total 51712K, used 6389K [0x0000000080000000, 0x0000000083280000, 0x00000000d5580000)
  object space 51712K, 12% used [0x0000000080000000,0x000000008063d470,0x0000000083280000)
 Metaspace       used 23920K, capacity 24232K, committed 24448K, reserved 1071104K
  class space    used 2971K, capacity 3081K, committed 3200K, reserved 1048576K
}
Event: 4.777 GC heap before
{Heap before GC invocations=9 (full 1):
 PSYoungGen      total 38400K, used 32489K [0x00000000d5580000, 0x00000000d9680000, 0x0000000100000000)
  eden space 29696K, 100% used [0x00000000d5580000,0x00000000d7280000,0x00000000d7280000)
  from space 8704K, 32% used [0x00000000d7280000,0x00000000d753a4b0,0x00000000d7b00000)
  to   space 8704K, 0% used [0x00000000d8e00000,0x00000000d8e00000,0x00000000d9680000)
 ParOldGen       total 51712K, used 6389K [0x0000000080000000, 0x0000000083280000, 0x00000000d5580000)
  object space 51712K, 12% used [0x0000000080000000,0x000000008063d470,0x0000000083280000)
 Metaspace       used 24214K, capacity 24532K, committed 24704K, reserved 1071104K
  class space    used 3002K, capacity 3115K, committed 3200K, reserved 1048576K
Event: 4.784 GC heap after
Heap after GC invocations=9 (full 1):
 PSYoungGen      total 57856K, used 2892K [0x00000000d5580000, 0x00000000d9800000, 0x0000000100000000)
  eden space 49152K, 0% used [0x00000000d5580000,0x00000000d5580000,0x00000000d8580000)
  from space 8704K, 33% used [0x00000000d8e00000,0x00000000d90d3398,0x00000000d9680000)
  to   space 8704K, 0% used [0x00000000d8580000,0x00000000d8580000,0x00000000d8e00000)
 ParOldGen       total 51712K, used 6389K [0x0000000080000000, 0x0000000083280000, 0x00000000d5580000)
  object space 51712K, 12% used [0x0000000080000000,0x000000008063d470,0x0000000083280000)
 Metaspace       used 24214K, capacity 24532K, committed 24704K, reserved 1071104K
  class space    used 3002K, capacity 3115K, committed 3200K, reserved 1048576K
}

Deoptimization events (10 events):
Event: 4.372 Thread 0x0000000002f17800 Uncommon trap: reason=array_check action=maybe_recompile pc=0x000000000373e5e8 method=java.util.AbstractCollection.toArray([Ljava/lang/Object;)[Ljava/lang/Object; @ 119
Event: 4.372 Thread 0x0000000002f17800 Uncommon trap: reason=array_check action=maybe_recompile pc=0x000000000373e5e8 method=java.util.AbstractCollection.toArray([Ljava/lang/Object;)[Ljava/lang/Object; @ 119
Event: 4.404 Thread 0x0000000002f17800 Uncommon trap: reason=unstable_if action=reinterpret pc=0x0000000003529938 method=java.net.URL.<init>(Ljava/net/URL;Ljava/lang/String;Ljava/net/URLStreamHandler;)V @ 347
Event: 4.450 Thread 0x0000000002f17800 Uncommon trap: reason=class_check action=maybe_recompile pc=0x000000000340b154 method=java.util.regex.Pattern$CharProperty.match(Ljava/util/regex/Matcher;ILjava/lang/CharSequence;)Z @ 37
Event: 4.450 Thread 0x0000000002f17800 Uncommon trap: reason=class_check action=maybe_recompile pc=0x000000000340b154 method=java.util.regex.Pattern$CharProperty.match(Ljava/util/regex/Matcher;ILjava/lang/CharSequence;)Z @ 37
Event: 4.450 Thread 0x0000000002f17800 Uncommon trap: reason=class_check action=maybe_recompile pc=0x000000000340b154 method=java.util.regex.Pattern$CharProperty.match(Ljava/util/regex/Matcher;ILjava/lang/CharSequence;)Z @ 37
Event: 4.450 Thread 0x0000000002f17800 Uncommon trap: reason=class_check action=maybe_recompile pc=0x000000000340b154 method=java.util.regex.Pattern$CharProperty.match(Ljava/util/regex/Matcher;ILjava/lang/CharSequence;)Z @ 37
Event: 4.476 Thread 0x0000000002f17800 Uncommon trap: reason=bimorphic action=maybe_recompile pc=0x00000000036bade4 method=java.util.HashMap.putVal(ILjava/lang/Object;Ljava/lang/Object;ZZ)Ljava/lang/Object; @ 253
Event: 4.476 Thread 0x0000000002f17800 Uncommon trap: reason=bimorphic action=maybe_recompile pc=0x00000000036bade4 method=java.util.HashMap.putVal(ILjava/lang/Object;Ljava/lang/Object;ZZ)Ljava/lang/Object; @ 253
Event: 4.494 Thread 0x0000000002f17800 Uncommon trap: reason=bimorphic action=maybe_recompile pc=0x0000000003732c1c method=java.util.regex.Pattern$BmpCharProperty.match(Ljava/util/regex/Matcher;ILjava/lang/CharSequence;)Z @ 31

Internal exceptions (10 events):
Event: 4.385 Thread 0x0000000002f17800 Exception <a 'java/lang/ClassNotFoundException': java/lang/ObjectCustomizer> (0x00000000d592fe70) thrown at [C:\re\workspace\8-2-build-windows-amd64-cygwin\jdk8u121\8372\hotspot\src\share\vm\classfile\systemDictionary.cpp, line 210]
Event: 4.386 Thread 0x0000000002f17800 Exception <a 'java/lang/ClassNotFoundException': org/springframework/boot/SpringApplicationCustomizer> (0x00000000d594f240) thrown at [C:\re\workspace\8-2-build-windows-amd64-cygwin\jdk8u121\8372\hotspot\src\share\vm\classfile\systemDictionary.cpp, line 2
Event: 4.485 Thread 0x0000000002f17800 Exception <a 'java/lang/ClassNotFoundException': java/lang/ObjectCustomizer> (0x00000000d5ee44c0) thrown at [C:\re\workspace\8-2-build-windows-amd64-cygwin\jdk8u121\8372\hotspot\src\share\vm\classfile\systemDictionary.cpp, line 210]
Event: 4.486 Thread 0x0000000002f17800 Exception <a 'java/lang/ClassNotFoundException': org/springframework/context/annotation/ConfigurationClassPostProcessorCustomizer> (0x00000000d5f0cd58) thrown at [C:\re\workspace\8-2-build-windows-amd64-cygwin\jdk8u121\8372\hotspot\src\share\vm\classfile\
Event: 4.487 Thread 0x0000000002f17800 Exception <a 'java/lang/ClassNotFoundException': org/springframework/beans/factory/support/BeanDefinitionRegistryPostProcessorCustomizer> (0x00000000d5f46178) thrown at [C:\re\workspace\8-2-build-windows-amd64-cygwin\jdk8u121\8372\hotspot\src\share\vm\cla
Event: 4.487 Thread 0x0000000002f17800 Exception <a 'java/lang/ClassNotFoundException': org/springframework/core/PriorityOrderedCustomizer> (0x00000000d5f60ce8) thrown at [C:\re\workspace\8-2-build-windows-amd64-cygwin\jdk8u121\8372\hotspot\src\share\vm\classfile\systemDictionary.cpp, line 210
Event: 4.488 Thread 0x0000000002f17800 Exception <a 'java/lang/ClassNotFoundException': org/springframework/context/ResourceLoaderAwareCustomizer> (0x00000000d5f7d4d8) thrown at [C:\re\workspace\8-2-build-windows-amd64-cygwin\jdk8u121\8372\hotspot\src\share\vm\classfile\systemDictionary.cpp, l
Event: 4.488 Thread 0x0000000002f17800 Exception <a 'java/lang/ClassNotFoundException': org/springframework/beans/factory/BeanClassLoaderAwareCustomizer> (0x00000000d5f9db38) thrown at [C:\re\workspace\8-2-build-windows-amd64-cygwin\jdk8u121\8372\hotspot\src\share\vm\classfile\systemDictionary
Event: 4.489 Thread 0x0000000002f17800 Exception <a 'java/lang/ClassNotFoundException': org/springframework/context/EnvironmentAwareCustomizer> (0x00000000d5fba618) thrown at [C:\re\workspace\8-2-build-windows-amd64-cygwin\jdk8u121\8372\hotspot\src\share\vm\classfile\systemDictionary.cpp, line
Event: 4.803 Thread 0x000000001a251800 Exception <a 'java/lang/reflect/InvocationTargetException'> (0x00000000d5996e08) thrown at [C:\re\workspace\8-2-build-windows-amd64-cygwin\jdk8u121\8372\hotspot\src\share\vm\runtime\reflection.cpp, line 1092]

Events (10 events):
Event: 4.957 loading class org/springframework/data/couchbase/core/CouchbaseOperations
Event: 4.957 loading class org/springframework/data/couchbase/core/CouchbaseOperations done
Event: 4.957 loading class com/couchbase/client/java/Bucket
Event: 4.957 loading class com/couchbase/client/java/Bucket done
Event: 4.957 loading class org/springframework/data/cassandra/core/CassandraOperations
Event: 4.957 loading class org/springframework/data/cassandra/core/CassandraOperations done
Event: 4.957 loading class com/datastax/driver/core/Cluster
Event: 4.957 loading class com/datastax/driver/core/Cluster done
Event: 4.962 loading class org/springframework/boot/actuate/autoconfigure/HealthIndicatorProperties
Event: 4.962 loading class org/springframework/boot/actuate/autoconfigure/HealthIndicatorProperties done


Dynamic libraries:
0x00007ff6fe320000 - 0x00007ff6fe357000 	C:\Program Files\Java\jre1.8.0_121\bin\javaw.exe
0x00007ffd16170000 - 0x00007ffd16351000 	C:\WINDOWS\SYSTEM32\ntdll.dll
0x00007ffd13660000 - 0x00007ffd13712000 	C:\WINDOWS\System32\KERNEL32.DLL
0x00007ffd13380000 - 0x00007ffd135f3000 	C:\WINDOWS\System32\KERNELBASE.dll
0x00007ffd13790000 - 0x00007ffd13831000 	C:\WINDOWS\System32\ADVAPI32.dll
0x00007ffd15ba0000 - 0x00007ffd15c3e000 	C:\WINDOWS\System32\msvcrt.dll
0x00007ffd13840000 - 0x00007ffd1389b000 	C:\WINDOWS\System32\sechost.dll
0x00007ffd152d0000 - 0x00007ffd153f4000 	C:\WINDOWS\System32\RPCRT4.dll
0x00007ffd15670000 - 0x00007ffd15800000 	C:\WINDOWS\System32\USER32.dll
0x00007ffd12720000 - 0x00007ffd12740000 	C:\WINDOWS\System32\win32u.dll
0x00007ffd16090000 - 0x00007ffd160b8000 	C:\WINDOWS\System32\GDI32.dll
0x00007ffd128e0000 - 0x00007ffd12a72000 	C:\WINDOWS\System32\gdi32full.dll
0x00007ffd12740000 - 0x00007ffd127df000 	C:\WINDOWS\System32\msvcp_win.dll
0x00007ffd125a0000 - 0x00007ffd1269a000 	C:\WINDOWS\System32\ucrtbase.dll
0x00007ffd106c0000 - 0x00007ffd10929000 	C:\WINDOWS\WinSxS\amd64_microsoft.windows.common-controls_6595b64144ccf1df_6.0.17134.228_none_fb4599993062b194\COMCTL32.dll
0x00007ffd15870000 - 0x00007ffd15b93000 	C:\WINDOWS\System32\combase.dll
0x00007ffd126a0000 - 0x00007ffd1271a000 	C:\WINDOWS\System32\bcryptPrimitives.dll
0x00007ffd13a20000 - 0x00007ffd13a4d000 	C:\WINDOWS\System32\IMM32.DLL
0x00007ffd12320000 - 0x00007ffd1237d000 	C:\Program Files\Citrix\System32\MfApHook64.dll
0x00007ffd11730000 - 0x00007ffd1175b000 	C:\Program Files\Citrix\ICAService\CtxDodHook64.dll
0x00007ffd12240000 - 0x00007ffd12272000 	C:\Program Files\Citrix\ICAService\picaFullScreenHookX64.dll
0x00007ffd11c80000 - 0x00007ffd11cce000 	C:\Program Files\Citrix\ICAService\ShellHook64.dll
0x00007ffd13af0000 - 0x00007ffd14f30000 	C:\WINDOWS\System32\SHELL32.dll
0x00007ffd127e0000 - 0x00007ffd12829000 	C:\WINDOWS\System32\cfgmgr32.dll
0x00007ffd15220000 - 0x00007ffd152c9000 	C:\WINDOWS\System32\shcore.dll
0x00007ffd12a80000 - 0x00007ffd1318d000 	C:\WINDOWS\System32\windows.storage.dll
0x00007ffd13600000 - 0x00007ffd13651000 	C:\WINDOWS\System32\shlwapi.dll
0x00007ffd12520000 - 0x00007ffd12531000 	C:\WINDOWS\System32\kernel.appcore.dll
0x00007ffd12490000 - 0x00007ffd124af000 	C:\WINDOWS\System32\profapi.dll
0x00007ffd124d0000 - 0x00007ffd1251c000 	C:\WINDOWS\System32\powrprof.dll
0x00007ffd12480000 - 0x00007ffd1248a000 	C:\WINDOWS\System32\FLTLIB.DLL
0x00007ffd11b00000 - 0x00007ffd11c7c000 	C:\Program Files\Citrix\ICAService\SCardHook64.dll
0x00007ffd11800000 - 0x00007ffd1182a000 	C:\Program Files\Citrix\ICAService\cxinjime64.dll
0x00007ffd117b0000 - 0x00007ffd117f8000 	C:\Program Files\Citrix\ICAService\PicaWtsHook64.dll
0x00000000588f0000 - 0x00000000589c2000 	C:\Program Files\Java\jre1.8.0_121\bin\msvcr100.dll
0x00000000589d0000 - 0x000000005926b000 	C:\Program Files\Java\jre1.8.0_121\bin\server\jvm.dll
0x00007ffd13720000 - 0x00007ffd13728000 	C:\WINDOWS\System32\PSAPI.DLL
0x00007ffd03050000 - 0x00007ffd03059000 	C:\WINDOWS\SYSTEM32\WSOCK32.dll
0x00007ffd15800000 - 0x00007ffd1586c000 	C:\WINDOWS\System32\WS2_32.dll
0x00007ffd03aa0000 - 0x00007ffd03ac3000 	C:\WINDOWS\SYSTEM32\WINMM.dll
0x00007ffd12130000 - 0x00007ffd1213a000 	C:\WINDOWS\SYSTEM32\VERSION.dll
0x00007ffd03a50000 - 0x00007ffd03a7a000 	C:\WINDOWS\SYSTEM32\WINMMBASE.dll
0x0000000059c90000 - 0x0000000059c9f000 	C:\Program Files\Java\jre1.8.0_121\bin\verify.dll
0x00000000597b0000 - 0x00000000597d9000 	C:\Program Files\Java\jre1.8.0_121\bin\java.dll
0x00000000598e0000 - 0x00000000598f6000 	C:\Program Files\Java\jre1.8.0_121\bin\zip.dll
0x0000000059720000 - 0x000000005972d000 	C:\Program Files\Java\jre1.8.0_121\bin\management.dll
0x0000000059790000 - 0x00000000597aa000 	C:\Program Files\Java\jre1.8.0_121\bin\net.dll
0x00007ffd11160000 - 0x00007ffd111c6000 	C:\WINDOWS\system32\mswsock.dll
0x0000000059770000 - 0x0000000059781000 	C:\Program Files\Java\jre1.8.0_121\bin\nio.dll
0x00007ffd08640000 - 0x00007ffd08656000 	C:\WINDOWS\system32\napinsp.dll
0x00007ffd08620000 - 0x00007ffd0863a000 	C:\WINDOWS\system32\pnrpnsp.dll
0x00007ffd0c350000 - 0x00007ffd0c369000 	C:\WINDOWS\system32\NLAapi.dll
0x00007ffd10f30000 - 0x00007ffd10fee000 	C:\WINDOWS\SYSTEM32\DNSAPI.dll
0x00007ffd15210000 - 0x00007ffd15218000 	C:\WINDOWS\System32\NSI.dll
0x00007ffd10ef0000 - 0x00007ffd10f28000 	C:\WINDOWS\SYSTEM32\IPHLPAPI.DLL
0x00007ffd08660000 - 0x00007ffd0866e000 	C:\WINDOWS\System32\winrnr.dll
0x00007ffd0cff0000 - 0x00007ffd0cffa000 	C:\Windows\System32\rasadhlp.dll
0x00007ffd0c4b0000 - 0x00007ffd0c522000 	C:\WINDOWS\System32\fwpuclnt.dll
0x00007ffd11cf0000 - 0x00007ffd11d15000 	C:\WINDOWS\SYSTEM32\bcrypt.dll
0x00007ffd11310000 - 0x00007ffd11327000 	C:\WINDOWS\SYSTEM32\CRYPTSP.dll
0x00007ffd10d50000 - 0x00007ffd10d83000 	C:\WINDOWS\system32\rsaenh.dll
0x00007ffd12380000 - 0x00007ffd123a8000 	C:\WINDOWS\SYSTEM32\USERENV.dll
0x00007ffd11330000 - 0x00007ffd1133b000 	C:\WINDOWS\SYSTEM32\CRYPTBASE.dll
0x00007ffd0c0e0000 - 0x00007ffd0c0f6000 	C:\WINDOWS\SYSTEM32\dhcpcsvc6.DLL
0x00007ffd0c090000 - 0x00007ffd0c0aa000 	C:\WINDOWS\SYSTEM32\dhcpcsvc.DLL

VM Arguments:
jvm_args: -Dcom.sun.management.jmxremote -Dcom.sun.management.jmxremote.port=65189 -Dcom.sun.management.jmxremote.authenticate=false -Dcom.sun.management.jmxremote.ssl=false -Djava.rmi.server.hostname=localhost -Dspring.liveBeansView.mbeanDomain -Dspring.application.admin.enabled=true -Dfile.encoding=UTF-8 
java_command: com.eureka.com.EurekaServer.EurekaServerApplication --spring.output.ansi.enabled=always
java_class_path (initial): C:\Users\shailami\EUREKA SERVER\EurekaServer\EurekaServer\target\classes;C:\Users\shailami\.m2\repository\org\springframework\cloud\spring-cloud-starter-eureka-server\1.4.0.RELEASE\spring-cloud-starter-eureka-server-1.4.0.RELEASE.jar;C:\Users\shailami\.m2\repository\org\springframework\cloud\spring-cloud-starter-netflix-eureka-server\1.4.0.RELEASE\spring-cloud-starter-netflix-eureka-server-1.4.0.RELEASE.jar;C:\Users\shailami\.m2\repository\org\springframework\cloud\spring-cloud-starter\1.3.0.RELEASE\spring-cloud-starter-1.3.0.RELEASE.jar;C:\Users\shailami\.m2\repository\org\springframework\boot\spring-boot-starter\1.5.9.RELEASE\spring-boot-starter-1.5.9.RELEASE.jar;C:\Users\shailami\.m2\repository\org\springframework\boot\spring-boot-starter-logging\1.5.9.RELEASE\spring-boot-starter-logging-1.5.9.RELEASE.jar;C:\Users\shailami\.m2\repository\ch\qos\logback\logback-classic\1.1.11\logback-classic-1.1.11.jar;C:\Users\shailami\.m2\repository\ch\qos\logback\logback-core\1.1.11\logback-core-1.1.11.jar;C:\Users\shailami\.m2\repository\org\slf4j\jcl-over-slf4j\1.7.25\jcl-over-slf4j-1.7.25.jar;C:\Users\shailami\.m2\repository\org\slf4j\jul-to-slf4j\1.7.25\jul-to-slf4j-1.7.25.jar;C:\Users\shailami\.m2\repository\org\slf4j\log4j-over-slf4j\1.7.25\log4j-over-slf4j-1.7.25.jar;C:\Users\shailami\.m2\repository\org\yaml\snakeyaml\1.17\snakeyaml-1.17.jar;C:\Users\shailami\.m2\repository\org\springframework\cloud\spring-cloud-context\1.3.0.RELEASE\spring-cloud-context-1.3.0.RELEASE.jar;C:\Users\shailami\.m2\repository\org\springframework\security\spring-security-crypto\4.2.3.RELEASE\spring-security-crypto-4.2.3.RELEASE.jar;C:\Users\shailami\.m2\repository\org\springframework\cloud\spring-cloud-commons\1.3.0.RELEASE\spring-cloud-commons-1.3.0.RELEASE.jar;C:\Users\shailami\.m2\repository\org\apache\httpcomponents\httpclient\4.5.3\httpclient-4.5.3.jar;C:\Users\shailami\.m2\repository\org\apache\httpcomponents\httpcore\4.4.8\httpcore-4.4.8.jar;C:\Users\shailam
Launcher Type: SUN_STANDARD

Environment Variables:
PATH=C:/Program Files/Java/jre1.8.0_121/bin/server;C:/Program Files/Java/jre1.8.0_121/bin;C:/Program Files/Java/jre1.8.0_121/lib/amd64;C:\Python34\;C:\Python34\Scripts;C:\oraclexe\app\oracle\product\11.2.0\server\bin;C:\ProgramData\Oracle\Java\javapath;C:\WINDOWS\system32;C:\WINDOWS;C:\WINDOWS\System32\Wbem;C:\WINDOWS\System32\WindowsPowerShell\v1.0\;C:\Program Files\TortoiseSVN\bin;C:\Program Files\nodejs\;C:\Program Files\Git\cmd;C:\Program Files (x86)\Microsoft SQL Server\110\Tools\Binn\ManagementStudio\;C:\Program Files (x86)\Microsoft SQL Server\110\Tools\Binn\;C:\Program Files (x86)\Microsoft SQL Server\110\DTS\Binn\;C:\Program Files\Citrix\System32\;C:\Program Files\Citrix\ICAService\;C:\WINDOWS\System32\OpenSSH\;C:\Users\shailami\AppData\Local\Microsoft\WindowsApps;;C:\Users\shailami\AppData\Local\Programs\Microsoft VS Code\bin;C:\Users\shailami\SPRING\STS\sts-bundle\sts-3.9.7.RELEASE;
USERNAME=shailami
OS=Windows_NT
PROCESSOR_IDENTIFIER=Intel64 Family 15 Model 6 Stepping 1, GenuineIntel



---------------  S Y S T E M  ---------------

OS: Windows 10.0 , 64 bit Build 17134 (10.0.17134.1)

CPU:total 4 (2 cores per cpu, 1 threads per core) family 15 model 6 stepping 1, cmov, cx8, fxsr, mmx, sse, sse2, sse3, ssse3, sse4.1, sse4.2, popcnt, avx, avx2, aes, clmul, erms, rtm, 3dnowpref, lzcnt, tsc, bmi1, bmi2, adx

Memory: 4k page, physical 8388056k(656496k free), swap 18697820k(5272k free)

vm_info: Java HotSpot(TM) 64-Bit Server VM (25.121-b13) for windows-amd64 JRE (1.8.0_121-b13), built on Dec 12 2016 18:21:36 by "java_re" with MS VC++ 10.0 (VS2010)

time: Wed Jan 30 11:44:18 2019
elapsed time: 4 seconds (0d 0h 0m 4s)

